  cospmls.cpp
cospmls.cpp(380): warning C4244: '/=': conversion from 'double' to 'float', possible loss of data
  csecond.cpp
  FFTcode.cpp
  fft_grids.cpp
  fft_grids_so3.cpp
  FST_semi_memo.cpp
  FST_semi_memo_fftw.cpp
FST_semi_memo_fftw.cpp(643): warning C4244: '=': conversion from 'double' to 'float', possible loss of data
FST_semi_memo_fftw.cpp(873): warning C4244: '=': conversion from 'double' to 'float', possible loss of data
  indextables.cpp
  makeWigner.cpp
  naive_synthesis.cpp
  newFCT.cpp
newFCT.cpp(389): warning C4244: '=': conversion from 'double' to 'float', possible loss of data
newFCT.cpp(477): warning C4018: '<': signed/unsigned mismatch
newFCT.cpp(501): warning C4018: '<=': signed/unsigned mismatch
newFCT.cpp(503): warning C4018: '<': signed/unsigned mismatch
newFCT.cpp(574): warning C4018: '<': signed/unsigned mismatch
newFCT.cpp(612): warning C4018: '<': signed/unsigned mismatch
newFCT.cpp(614): warning C4244: '=': conversion from 'double' to 'float', possible loss of data
newFCT.cpp(636): warning C4018: '<=': signed/unsigned mismatch
newFCT.cpp(638): warning C4018: '<': signed/unsigned mismatch
newFCT.cpp(647): warning C4244: '=': conversion from 'double' to 'float', possible loss of data
newFCT.cpp(650): warning C4244: '=': conversion from 'double' to 'float', possible loss of data
newFCT.cpp(662): warning C4244: '=': conversion from 'double' to 'float', possible loss of data
newFCT.cpp(663): warning C4244: '=': conversion from 'double' to 'float', possible loss of data
newFCT.cpp(707): warning C4244: '=': conversion from 'double' to 'float', possible loss of data
newFCT.cpp(709): warning C4018: '<': signed/unsigned mismatch
newFCT.cpp(1062): warning C4244: '=': conversion from 'double' to 'float', possible loss of data
newFCT.cpp(1300): warning C4244: 'argument': conversion from 'const double' to 'float', possible loss of data
newFCT.cpp(1302): warning C4244: 'argument': conversion from 'const double' to 'float', possible loss of data
newFCT.cpp(1321): warning C4244: 'argument': conversion from 'const double' to 'float', possible loss of data
newFCT.cpp(1323): warning C4244: 'argument': conversion from 'const double' to 'float', possible loss of data
newFCT.cpp(1359): warning C4244: '=': conversion from 'double' to 'float', possible loss of data
newFCT.cpp(1360): warning C4244: '=': conversion from 'double' to 'float', possible loss of data
newFCT.cpp(1361): warning C4244: '=': conversion from 'double' to 'float', possible loss of data
newFCT.cpp(1362): warning C4244: '=': conversion from 'double' to 'float', possible loss of data
newFCT.cpp(1391): warning C4244: '=': conversion from 'double' to 'float', possible loss of data
newFCT.cpp(1392): warning C4244: '=': conversion from 'double' to 'float', possible loss of data
  oddweights.cpp
  OURmods.cpp
  OURperms.cpp
  permroots.cpp
  primitive.cpp
primitive.cpp(283): warning C4244: '=': conversion from 'double' to 'float', possible loss of data
primitive.cpp(310): warning C4244: '=': conversion from 'double' to 'float', possible loss of data
primitive.cpp(354): warning C4244: '=': conversion from 'double' to 'float', possible loss of data
primitive.cpp(357): warning C4244: '*=': conversion from 'double' to 'float', possible loss of data
primitive.cpp(361): warning C4244: '*=': conversion from 'double' to 'float', possible loss of data
primitive.cpp(365): warning C4244: '=': conversion from 'double' to 'float', possible loss of data
  primitive_FST.cpp
  rotate_so3.cpp
  rotate_so3_mem.cpp
  seminaive.cpp
  Compiling...
  seminaive_fftw.cpp
  so3_correlate_fftw.cpp
  so3_correlate_sym.cpp
  soft.cpp
  soft_fftw.cpp
  soft_fftw_pc.cpp
  soft_fftw_wo.cpp
  soft_sym.cpp
  utils_so3.cpp
  utils_vec_cx.cpp
  weights.cpp
  wignerTransforms.cpp
  wignerTransforms_fftw.cpp
  wignerTransforms_sym.cpp
  SOFT1.0.vcxproj -> D:\github\ShapeSPH\x64\Release\SOFT1.0.lib
