d:\github\shapesph\soft1.0\x64\release\soft1.0.pdb
d:\github\shapesph\soft1.0\x64\release\seminaive.obj
d:\github\shapesph\soft1.0\x64\release\rotate_so3_mem.obj
d:\github\shapesph\soft1.0\x64\release\rotate_so3.obj
d:\github\shapesph\soft1.0\x64\release\primitive_fst.obj
d:\github\shapesph\soft1.0\x64\release\primitive.obj
d:\github\shapesph\soft1.0\x64\release\permroots.obj
d:\github\shapesph\soft1.0\x64\release\ourperms.obj
d:\github\shapesph\soft1.0\x64\release\ourmods.obj
d:\github\shapesph\soft1.0\x64\release\oddweights.obj
d:\github\shapesph\soft1.0\x64\release\newfct.obj
d:\github\shapesph\soft1.0\x64\release\naive_synthesis.obj
d:\github\shapesph\soft1.0\x64\release\makewigner.obj
d:\github\shapesph\soft1.0\x64\release\indextables.obj
d:\github\shapesph\soft1.0\x64\release\fst_semi_memo_fftw.obj
d:\github\shapesph\soft1.0\x64\release\fst_semi_memo.obj
d:\github\shapesph\soft1.0\x64\release\fft_grids_so3.obj
d:\github\shapesph\soft1.0\x64\release\fft_grids.obj
d:\github\shapesph\soft1.0\x64\release\fftcode.obj
d:\github\shapesph\soft1.0\x64\release\csecond.obj
d:\github\shapesph\soft1.0\x64\release\cospmls.obj
d:\github\shapesph\soft1.0\x64\release\wignertransforms_sym.obj
d:\github\shapesph\soft1.0\x64\release\wignertransforms_fftw.obj
d:\github\shapesph\soft1.0\x64\release\wignertransforms.obj
d:\github\shapesph\soft1.0\x64\release\weights.obj
d:\github\shapesph\soft1.0\x64\release\utils_vec_cx.obj
d:\github\shapesph\soft1.0\x64\release\utils_so3.obj
d:\github\shapesph\soft1.0\x64\release\soft_sym.obj
d:\github\shapesph\soft1.0\x64\release\soft_fftw_wo.obj
d:\github\shapesph\soft1.0\x64\release\soft_fftw_pc.obj
d:\github\shapesph\soft1.0\x64\release\soft_fftw.obj
d:\github\shapesph\soft1.0\x64\release\soft.obj
d:\github\shapesph\soft1.0\x64\release\so3_correlate_sym.obj
d:\github\shapesph\soft1.0\x64\release\so3_correlate_fftw.obj
d:\github\shapesph\soft1.0\x64\release\seminaive_fftw.obj
d:\github\shapesph\x64\release\soft1.0.lib
d:\github\shapesph\soft1.0\x64\release\soft1.0.tlog\cl.command.1.tlog
d:\github\shapesph\soft1.0\x64\release\soft1.0.tlog\cl.read.1.tlog
d:\github\shapesph\soft1.0\x64\release\soft1.0.tlog\cl.write.1.tlog
d:\github\shapesph\soft1.0\x64\release\soft1.0.tlog\lib-link.read.1.tlog
d:\github\shapesph\soft1.0\x64\release\soft1.0.tlog\lib-link.write.1.tlog
d:\github\shapesph\soft1.0\x64\release\soft1.0.tlog\lib.command.1.tlog
